<?xml version="1.0" encoding="UTF-8"?>
<!-- Generated by org.testng.reporters.JUnitReportReporter -->
<testsuite hostname="DESKTOP-DK0JRJN" name="com.keerti.hybrid_frame_work.testcases.GmailLogin" tests="1" failures="0" timestamp="10 Jan 2018 17:03:07 GMT" time="0.020" errors="0">
  <testcase name="dologin" time="0.020" classname="com.keerti.hybrid_frame_work.testcases.GmailLogin"/>
</testsuite> <!-- com.keerti.hybrid_frame_work.testcases.GmailLogin -->
